<?xml version="1.0" encoding="utf-8"?>
<report
	progress="">
	<activity
		result="Failed"
		duration="9.2m"
		durationms="553573"
		type="root"
		rid="20dba77680d11164"
		totalerrorcount="4"
		totalwarningcount="0"
		totalsuccesstestcasecount="0"
		totalfailedtestcasecount="4"
		totalblockedtestcasecount="0"
		childsuccesscount="0"
		childfailedcount="1"
		childblockedcount="0"
		totalsuccesscount="0"
		totalfailedcount="7"
		totalblockedcount="0"
		totalmaintenancemodecount="0"
		user="hayyaan.merchant"
		rxversion="8.1.2.0"
		host="HBAUTO-INSTALL"
		osversion="Windows 10 64bit"
		runtimeversion="4.0.30319.42000"
		procarch="32bit"
		oslanguage="en-US"
		dtnlanguage="en-US"
		screenresolution="1536x864"
		timestamp="9/24/2018 9:01:22 AM"
		timestampiso="2018-09-24T14:01:22"
		endtime="9/24/2018 9:10:36 AM"
		timeoutfactor="1">
		<detail>
			Ranorex Testscript
		</detail>
		<activity
			result="Failed"
			duration="9.2m"
			durationms="553308"
			type="test-suite"
			rid="85aaf3571475342"
			totalerrorcount="4"
			totalwarningcount="0"
			totalsuccesstestcasecount="0"
			totalfailedtestcasecount="4"
			totalblockedtestcasecount="0"
			childsuccesscount="0"
			childfailedcount="1"
			childblockedcount="0"
			totalsuccesscount="0"
			totalfailedcount="7"
			totalblockedcount="0"
			totalmaintenancemodecount="0"
			testsuitename="AutoInstall"
			headertext="AutoInstall"
			runconfigname="TestRun"
			runlabel="">
			<params>
			</params>
			<activity
				result="Failed"
				duration="9.2m"
				durationms="553214"
				type="iteration-container"
				rid="115e0f957cd1b258"
				totalerrorcount="4"
				totalwarningcount="0"
				totalsuccesstestcasecount="0"
				totalfailedtestcasecount="4"
				totalblockedtestcasecount="0"
				childsuccesscount="0"
				childfailedcount="1"
				childblockedcount="0"
				totalsuccesscount="0"
				totalfailedcount="7"
				totalblockedcount="0"
				totalmaintenancemodecount="0"
				displayName="AutomatedInstall"
				headertext="AutomatedInstall"
				testentry-activity-type="smartfolder"
				iteration-exectype="dataiteration"
				testcontainerid="1b8494a2-49ac-4fe7-95a9-5041089272b9"
				datasource="HeavyBidRelease"
				dataiterationcount="1">
				<activity
					result="Failed"
					duration="9.2m"
					durationms="553198"
					type="smart-folder"
					rid="906ccf763a3cb78"
					totalerrorcount="4"
					totalwarningcount="0"
					totalsuccesstestcasecount="0"
					totalfailedtestcasecount="4"
					totalblockedtestcasecount="0"
					childsuccesscount="0"
					childfailedcount="2"
					childblockedcount="0"
					totalsuccesscount="0"
					totalfailedcount="7"
					totalblockedcount="0"
					totalmaintenancemodecount="0"
					testcontainername="AutomatedInstall"
					testcontainerid="1b8494a2-49ac-4fe7-95a9-5041089272b9"
					headertext="AutomatedInstall"
					displayName="AutomatedInstall"
					iteration="1"
					activity-exectype="dataiteration"
					conditionstate="none">
					<datarow>
						<field
							name="HBRelease">
							2018.1
						</field>
					</datarow>
					<activity
						result="Failed"
						duration="859ms"
						durationms="859"
						type="smart-folder"
						rid="261463fa6f9ed760"
						totalerrorcount="1"
						totalwarningcount="0"
						totalsuccesstestcasecount="0"
						totalfailedtestcasecount="1"
						totalblockedtestcasecount="0"
						childsuccesscount="0"
						childfailedcount="1"
						childblockedcount="0"
						totalsuccesscount="0"
						totalfailedcount="2"
						totalblockedcount="0"
						totalmaintenancemodecount="0"
						testcontainername="InstallServer"
						testcontainerid="88127341-4dba-43a0-a0df-b156c976da76"
						headertext="InstallServer"
						displayName="InstallServer"
						iteration="1"
						activity-exectype="execute"
						conditionstate="none">
						<activity
							result="Failed"
							duration="859ms"
							durationms="859"
							type="iteration-container"
							rid="8f22327ce8368"
							totalerrorcount="1"
							totalwarningcount="0"
							totalsuccesstestcasecount="0"
							totalfailedtestcasecount="1"
							totalblockedtestcasecount="0"
							childsuccesscount="0"
							childfailedcount="1"
							childblockedcount="0"
							totalsuccesscount="0"
							totalfailedcount="1"
							totalblockedcount="0"
							totalmaintenancemodecount="0"
							displayName="InstallHBServer"
							headertext="InstallHBServer"
							testentry-activity-type="testcase"
							iteration-exectype="dataiteration"
							testcontainerid="08dfc28c-39e3-4714-91e8-2056fb4a0f85"
							datasource="HBInstallLocation"
							dataiterationcount="1">
							<activity
								result="Failed"
								duration="859ms"
								durationms="859"
								type="test-case"
								rid="2b39f8f3a22c11ac"
								totalerrorcount="1"
								totalwarningcount="0"
								totalsuccesstestcasecount="0"
								totalfailedtestcasecount="1"
								totalblockedtestcasecount="0"
								childsuccesscount="0"
								childfailedcount="1"
								childblockedcount="0"
								totalsuccesscount="0"
								totalfailedcount="1"
								totalblockedcount="0"
								totalmaintenancemodecount="0"
								testcontainername="InstallHBServer"
								testcontainerid="08dfc28c-39e3-4714-91e8-2056fb4a0f85"
								headertext="InstallHBServer"
								displayName="InstallHBServer"
								iteration="1"
								activity-exectype="dataiteration"
								conditionstate="none">
								<datarow>
									<field
										name="HBInstallLocation">
										C:\HeavyBid\
									</field>
								</datarow>
								<activity
									result="Failed"
									duration="796ms"
									durationms="796"
									type="test-module"
									rid="5c4291b3544e575"
									totalerrorcount="1"
									totalwarningcount="0"
									totalsuccesstestcasecount="0"
									totalfailedtestcasecount="0"
									totalblockedtestcasecount="0"
									childsuccesscount="0"
									childfailedcount="0"
									childblockedcount="0"
									totalsuccesscount="0"
									totalfailedcount="0"
									totalblockedcount="0"
									totalmaintenancemodecount="0"
									modulename="OpenInstallFile"
									displayName="OpenInstallFile"
									moduleid="11626203-89c4-449a-9ed2-1d52561a7935"
									moduletype="Recording"
									iteration="1"
									activity-exectype="execute"
									testentry-activity-type="testmodule">
									<errormessage>
										Failed to run application 'HeavyBid2018.1_2018-06-12_1447.msi'.
									</errormessage>
									<varbindings>
									</varbindings>
									<item
										timeRelativeToTestSuiteStartTime="00:00.453"
										timeRelativeToTestModuleStartTime="00:00.015"
										timeWallClock="09:01:23"
										time="00:00.453"
										level="Info"
										category="Application"
										errimg="images_AutoInst_6f6cd3b6\AutoInst_6f6cd3b6_cf9f544c_trace.jpg"
										errthumb="images_AutoInst_6f6cd3b6\AutoInst_6f6cd3b6_cf9f544c_trace_thumb.jpg">
										<message>
											B.1<br/>Run application 'HeavyBid2018.1_2018-06-12_1447.msi' with arguments '' in normal mode.
										</message>
										<metainfo
											itemindex="0"
											codefile="c:\Users\alex.kwie\Documents\Ranorex\RanorexStudio Projects\InternFinal\InternFinal\AutoInstall\OpenInstallFile.cs"
											codeline="83"
											loglvl="Info">
										</metainfo>
									</item>
									<item
										timeRelativeToTestSuiteStartTime="00:01.125"
										timeRelativeToTestModuleStartTime="00:00.687"
										timeWallClock="09:01:23"
										time="00:01.125"
										level="Error"
										category="Module"
										errimg="images_AutoInst_6f6cd3b6\AutoInst_6f6cd3b6_5b2f3b99_trace.jpg"
										errthumb="images_AutoInst_6f6cd3b6\AutoInst_6f6cd3b6_5b2f3b99_trace_thumb.jpg">
										<message>
											Failed to run application 'HeavyBid2018.1_2018-06-12_1447.msi'.<br/>The system cannot find the file specified
										</message>
										<metainfo
											stacktrace="   at Ranorex.Host.RunApplication(String fileName, String arguments, String workingDirectory, Boolean maximized)
   at AutoInstall.OpenInstallFile.Ranorex.Core.Testing.ITestModule.Run() in c:\Users\alex.kwie\Documents\Ranorex\RanorexStudio Projects\InternFinal\InternFinal\AutoInstall\OpenInstallFile.cs:line 84
   at Ranorex.Core.Testing.TestModuleLeaf.RunInternal(DataContext parentDataContext, Int32 iteration, Int32 iterationCount, Boolean skipIteration)"
											codefile="c:\Users\alex.kwie\Documents\Ranorex\RanorexStudio Projects\InternFinal\InternFinal\AutoInstall\OpenInstallFile.cs"
											codeline="84"
											loglvl="Error"
											itemindex="0">
										</metainfo>
									</item>
								</activity>
							</activity>
						</activity>
					</activity>
					<activity
						result="Failed"
						duration="9.2m"
						durationms="552339"
						type="smart-folder"
						rid="106f3a728f66e710"
						totalerrorcount="3"
						totalwarningcount="0"
						totalsuccesstestcasecount="0"
						totalfailedtestcasecount="3"
						totalblockedtestcasecount="0"
						childsuccesscount="0"
						childfailedcount="3"
						childblockedcount="0"
						totalsuccesscount="0"
						totalfailedcount="4"
						totalblockedcount="0"
						totalmaintenancemodecount="0"
						testcontainername="InstallWorkstation"
						testcontainerid="801a753e-b5d0-44b4-a685-a3fa5bc4ace9"
						headertext="InstallWorkstation"
						displayName="InstallWorkstation"
						iteration="1"
						activity-exectype="execute"
						conditionstate="none">
						<activity
							result="Failed"
							duration="234ms"
							durationms="234"
							type="iteration-container"
							rid="4d5ad353aed7c60"
							totalerrorcount="1"
							totalwarningcount="0"
							totalsuccesstestcasecount="0"
							totalfailedtestcasecount="1"
							totalblockedtestcasecount="0"
							childsuccesscount="0"
							childfailedcount="1"
							childblockedcount="0"
							totalsuccesscount="0"
							totalfailedcount="1"
							totalblockedcount="0"
							totalmaintenancemodecount="0"
							displayName="InstallWS"
							headertext="InstallWS"
							testentry-activity-type="testcase"
							iteration-exectype="dataiteration"
							testcontainerid="0ec1b407-a101-4237-9051-405219d3d3e0"
							datasource="WSInstallLocation"
							dataiterationcount="1">
							<activity
								result="Failed"
								duration="234ms"
								durationms="234"
								type="test-case"
								rid="3cf3cfb09756db"
								totalerrorcount="1"
								totalwarningcount="0"
								totalsuccesstestcasecount="0"
								totalfailedtestcasecount="1"
								totalblockedtestcasecount="0"
								childsuccesscount="0"
								childfailedcount="1"
								childblockedcount="0"
								totalsuccesscount="0"
								totalfailedcount="1"
								totalblockedcount="0"
								totalmaintenancemodecount="0"
								testcontainername="InstallWS"
								testcontainerid="0ec1b407-a101-4237-9051-405219d3d3e0"
								headertext="InstallWS"
								displayName="InstallWS"
								iteration="1"
								activity-exectype="dataiteration"
								conditionstate="none">
								<datarow>
									<field
										name="WSInstallLocation">
										C:\HeavyBidWS\
									</field>
								</datarow>
								<activity
									result="Failed"
									duration="234ms"
									durationms="234"
									type="test-module"
									rid="2dbfcfb7b6b67038"
									totalerrorcount="1"
									totalwarningcount="0"
									totalsuccesstestcasecount="0"
									totalfailedtestcasecount="0"
									totalblockedtestcasecount="0"
									childsuccesscount="0"
									childfailedcount="0"
									childblockedcount="0"
									totalsuccesscount="0"
									totalfailedcount="0"
									totalblockedcount="0"
									totalmaintenancemodecount="0"
									modulename="RunWSInstall"
									displayName="RunWSInstall"
									moduleid="162e91d1-9a3c-49db-bff1-e3d81f2456f1"
									moduletype="Recording"
									iteration="1"
									activity-exectype="execute"
									testentry-activity-type="testmodule">
									<errormessage>
										Failed to run application 'C:\HeavyBid\WSINST.MSI'.
									</errormessage>
									<varbindings>
									</varbindings>
									<item
										timeRelativeToTestSuiteStartTime="00:01.234"
										timeRelativeToTestModuleStartTime="00:00.000"
										timeWallClock="09:01:24"
										time="00:01.234"
										level="Info"
										category="Application"
										errimg="images_AutoInst_6f6cd3b6\AutoInst_6f6cd3b6_60cb8fa8_trace.jpg"
										errthumb="images_AutoInst_6f6cd3b6\AutoInst_6f6cd3b6_60cb8fa8_trace_thumb.jpg">
										<message>
											C.3<br/>Run application 'C:\HeavyBid\WSINST.MSI' with arguments '' in normal mode.
										</message>
										<metainfo
											itemindex="0"
											codefile="c:\Users\alex.kwie\Documents\Ranorex\RanorexStudio Projects\InternFinal\InternFinal\AutoInstall\RunWSInstall.cs"
											codeline="83"
											loglvl="Info">
										</metainfo>
									</item>
									<item
										timeRelativeToTestSuiteStartTime="00:01.359"
										timeRelativeToTestModuleStartTime="00:00.125"
										timeWallClock="09:01:24"
										time="00:01.359"
										level="Error"
										category="Module"
										errimg="images_AutoInst_6f6cd3b6\AutoInst_6f6cd3b6_95659ee4_trace.jpg"
										errthumb="images_AutoInst_6f6cd3b6\AutoInst_6f6cd3b6_95659ee4_trace_thumb.jpg">
										<message>
											Failed to run application 'C:\HeavyBid\WSINST.MSI'.<br/>The system cannot find the file specified
										</message>
										<metainfo
											stacktrace="   at Ranorex.Host.RunApplication(String fileName, String arguments, String workingDirectory, Boolean maximized)
   at AutoInstall.RunWSInstall.Ranorex.Core.Testing.ITestModule.Run() in c:\Users\alex.kwie\Documents\Ranorex\RanorexStudio Projects\InternFinal\InternFinal\AutoInstall\RunWSInstall.cs:line 84
   at Ranorex.Core.Testing.TestModuleLeaf.RunInternal(DataContext parentDataContext, Int32 iteration, Int32 iterationCount, Boolean skipIteration)"
											codefile="c:\Users\alex.kwie\Documents\Ranorex\RanorexStudio Projects\InternFinal\InternFinal\AutoInstall\RunWSInstall.cs"
											codeline="84"
											loglvl="Error"
											itemindex="0">
										</metainfo>
									</item>
								</activity>
							</activity>
						</activity>
						<activity
							result="Failed"
							duration="5m"
							durationms="301062"
							type="test-case"
							rid="12a994f26cc6b6e0"
							totalerrorcount="1"
							totalwarningcount="0"
							totalsuccesstestcasecount="0"
							totalfailedtestcasecount="1"
							totalblockedtestcasecount="0"
							childsuccesscount="0"
							childfailedcount="1"
							childblockedcount="0"
							totalsuccesscount="0"
							totalfailedcount="1"
							totalblockedcount="0"
							totalmaintenancemodecount="0"
							testcontainername="InstallCrystal"
							testcontainerid="278b8420-8e4e-4e20-a51e-390434d1fb15"
							headertext="InstallCrystal"
							displayName="InstallCrystal"
							iteration="1"
							activity-exectype="execute"
							conditionstate="none">
							<activity
								result="Failed"
								duration="5m"
								durationms="301031"
								type="test-module"
								rid="9505e81ec897976"
								totalerrorcount="1"
								totalwarningcount="0"
								totalsuccesstestcasecount="0"
								totalfailedtestcasecount="0"
								totalblockedtestcasecount="0"
								childsuccesscount="0"
								childfailedcount="0"
								childblockedcount="0"
								totalsuccesscount="0"
								totalfailedcount="0"
								totalblockedcount="0"
								totalmaintenancemodecount="0"
								modulename="InstallWelcomeCrystal"
								displayName="InstallWelcomeCrystal"
								moduleid="61b87029-e35d-459c-a403-ec3c8744d87c"
								moduletype="Recording"
								iteration="1"
								activity-exectype="execute"
								testentry-activity-type="testmodule">
								<errormessage>
									Failed to wait for item to exist.
								</errormessage>
								<varbindings>
								</varbindings>
								<item
									timeRelativeToTestSuiteStartTime="00:01.484"
									timeRelativeToTestModuleStartTime="00:00.015"
									timeWallClock="09:01:24"
									time="00:01.484"
									level="Info"
									category="Wait"
									errimg="images_AutoInst_6f6cd3b6\AutoInst_6f6cd3b6_cfde2b1b_trace.jpg"
									errthumb="images_AutoInst_6f6cd3b6\AutoInst_6f6cd3b6_cfde2b1b_trace_thumb.jpg">
									<message>
										Waiting 5m to exist. Associated repository item: 'CrystalInstallation.CrystalInstaller'
									</message>
									<metainfo
										type="repoitem"
										path="/form[@title~'HCSS' and @title~'Crystal']"
										itempath="/form[@title~'HCSS' and @title~'Crystal']"
										fullname="AutoInstallRepository.CrystalInstallation.CrystalInstaller.Self"
										id="4901c8ac44014c6bb7b8c50692e0f0bd"
										timeout="300000"
										codefile="c:\Users\alex.kwie\Documents\Ranorex\RanorexStudio Projects\InternFinal\InternFinal\AutoInstall\InstallWelcomeCrystal.cs"
										codeline="82"
										itemindex="0"
										loglvl="Info">
									</metainfo>
								</item>
								<item
									timeRelativeToTestSuiteStartTime="05:02.266"
									timeRelativeToTestModuleStartTime="05:00.797"
									timeWallClock="09:06:25"
									time="05:02.266"
									level="Error"
									category="Module"
									errimg="images_AutoInst_6f6cd3b6\AutoInst_6f6cd3b6_61760de9_trace.jpg"
									errthumb="images_AutoInst_6f6cd3b6\AutoInst_6f6cd3b6_61760de9_trace_thumb.jpg">
									<message>
										Failed to wait for item to exist.<br/>Failed to find item 'AutoInstallRepository.CrystalInstallation.CrystalInstaller.Self'.<br/>No element found for path '/form[@title~'HCSS' and @title~'Crystal']' within 5m.
									</message>
									<metainfo
										stacktrace="   at Ranorex.Core.Repository.RepoItemInfo.WaitForExists(Duration waitTimeout)
   at AutoInstall.InstallWelcomeCrystal.Ranorex.Core.Testing.ITestModule.Run() in c:\Users\alex.kwie\Documents\Ranorex\RanorexStudio Projects\InternFinal\InternFinal\AutoInstall\InstallWelcomeCrystal.cs:line 83
   at Ranorex.Core.Testing.TestModuleLeaf.RunInternal(DataContext parentDataContext, Int32 iteration, Int32 iterationCount, Boolean skipIteration)"
										codefile="c:\Users\alex.kwie\Documents\Ranorex\RanorexStudio Projects\InternFinal\InternFinal\AutoInstall\InstallWelcomeCrystal.cs"
										codeline="83"
										loglvl="Error"
										id="4901c8ac44014c6bb7b8c50692e0f0bd"
										path="/form[@title~'HCSS' and @title~'Crystal']"
										fullname="AutoInstallRepository.CrystalInstallation.CrystalInstaller.Self"
										itemindex="0">
									</metainfo>
								</item>
							</activity>
						</activity>
						<activity
							result="Failed"
							duration="4.2m"
							durationms="251026"
							type="test-case"
							rid="2eb39efd47d6306"
							totalerrorcount="1"
							totalwarningcount="0"
							totalsuccesstestcasecount="0"
							totalfailedtestcasecount="1"
							totalblockedtestcasecount="0"
							childsuccesscount="0"
							childfailedcount="1"
							childblockedcount="0"
							totalsuccesscount="0"
							totalfailedcount="1"
							totalblockedcount="0"
							totalmaintenancemodecount="0"
							testcontainername="InstallSQL"
							testcontainerid="ac0cfe3a-03a8-45fc-8523-829ef00648ed"
							headertext="InstallSQL"
							displayName="InstallSQL"
							iteration="1"
							activity-exectype="execute"
							conditionstate="none">
							<activity
								result="Failed"
								duration="4.2m"
								durationms="250963"
								type="test-module"
								rid="15edf646afcb5502"
								totalerrorcount="1"
								totalwarningcount="0"
								totalsuccesstestcasecount="0"
								totalfailedtestcasecount="0"
								totalblockedtestcasecount="0"
								childsuccesscount="0"
								childfailedcount="0"
								childblockedcount="0"
								totalsuccesscount="0"
								totalfailedcount="0"
								totalblockedcount="0"
								totalmaintenancemodecount="0"
								modulename="InstallWelcomeSQL"
								displayName="InstallWelcomeSQL"
								moduleid="3f1ae4a1-f43b-49e5-953c-c9cd46fe916b"
								moduletype="Recording"
								iteration="1"
								activity-exectype="execute"
								testentry-activity-type="testmodule">
								<varbindings>
								</varbindings>
								<item
									timeRelativeToTestSuiteStartTime="05:02.734"
									timeRelativeToTestModuleStartTime="00:00.125"
									timeWallClock="09:06:25"
									time="05:02.734"
									level="Info"
									category="Wait">
									<message>
										(Optional Action)<br/>Waiting 5m to exist. Associated repository item: 'SQLServerInstallation.SQLInstaller'
									</message>
									<metainfo
										type="repoitem"
										path="/form[@title~'SQL Server']"
										itempath="/form[@title~'SQL Server']"
										fullname="AutoInstallRepository.SQLServerInstallation.SQLInstaller.Self"
										id="2618e6c18b18405885a933d4f5aa1d39"
										timeout="300000"
										codefile="c:\Users\alex.kwie\Documents\Ranorex\RanorexStudio Projects\InternFinal\InternFinal\AutoInstall\InstallWelcomeSQL.cs"
										codeline="83"
										itemindex="0"
										loglvl="Info">
									</metainfo>
								</item>
								<item
									timeRelativeToTestSuiteStartTime="09:13.558"
									timeRelativeToTestModuleStartTime="04:10.948"
									timeWallClock="09:10:36"
									time="09:13.558"
									level="Error"
									category="Module">
									<message>
										The test run has been aborted by the user.
									</message>
									<metainfo
										loglvl="Error">
									</metainfo>
								</item>
							</activity>
						</activity>
					</activity>
				</activity>
			</activity>
		</activity>
	</activity>
</report>
